14:39:02.4868 [main] INFO  testCases.TC002_LoginDDT - *********Login testcase execution completed************
14:39:02.6833 [main] INFO  testCases.TC002_LoginDDT - *********Login testcase execution started************
14:39:13.7049 [main] INFO  testCases.TC002_LoginDDT - *********Login testcase execution completed************
14:39:13.8190 [main] INFO  testCases.TC002_LoginDDT - *********Login testcase execution started************
14:39:24.9525 [main] INFO  testCases.TC002_LoginDDT - *********Login testcase execution completed************
14:39:24.9609 [main] INFO  testCases.TC002_LoginDDT - *********Login testcase execution started************
14:39:25.9758 [main] INFO  testCases.TC002_LoginDDT - *********Login testcase execution completed************
14:51:09.7257 [main] INFO  org.testng.internal.Utils - [TestNG] Running:
  F:\Selenium Projects\SwagLabs\DDT.xml

14:51:22.0662 [main] INFO  testCases.TC002_LoginDDT - *********Login testcase execution started************
14:51:23.4421 [main] INFO  testCases.TC002_LoginDDT - *********Login testcase execution completed************
14:51:23.4662 [main] INFO  testCases.TC002_LoginDDT - *********Login testcase execution started************
14:51:34.2736 [main] INFO  testCases.TC002_LoginDDT - *********Login testcase execution completed************
14:51:34.2976 [main] INFO  testCases.TC002_LoginDDT - *********Login testcase execution started************
14:51:44.8858 [main] INFO  testCases.TC002_LoginDDT - *********Login testcase execution completed************
14:51:44.8998 [main] INFO  testCases.TC002_LoginDDT - *********Login testcase execution started************
14:51:45.5005 [main] INFO  testCases.TC002_LoginDDT - *********Login testcase execution completed************
14:51:45.5080 [main] INFO  testCases.TC002_LoginDDT - *********Login testcase execution started************
14:51:55.9268 [main] INFO  testCases.TC002_LoginDDT - *********Login testcase execution completed************
14:51:55.9288 [main] INFO  testCases.TC002_LoginDDT - *********Login testcase execution started************
14:52:06.3929 [main] INFO  testCases.TC002_LoginDDT - *********Login testcase execution completed************
14:52:06.4048 [main] INFO  testCases.TC002_LoginDDT - *********Login testcase execution started************
14:52:16.8454 [main] INFO  testCases.TC002_LoginDDT - *********Login testcase execution completed************
14:52:16.8651 [main] INFO  testCases.TC002_LoginDDT - *********Login testcase execution started************
14:52:27.3089 [main] INFO  testCases.TC002_LoginDDT - *********Login testcase execution completed************
15:01:48.7460 [main] INFO  org.testng.internal.Utils - [TestNG] Running:
  F:\Selenium Projects\SwagLabs\master.xml

15:02:24.2206 [main] INFO  org.testng.internal.Utils - [TestNG] Running:
  F:\Selenium Projects\SwagLabs\master.xml

15:02:33.3087 [main] INFO  testCases.TC005_ProductSort - *****Test case execution started****
15:02:35.7552 [main] INFO  testCases.TC005_ProductSort - ***********Test case execution completed**********
15:03:19.0788 [main] INFO  org.testng.internal.Utils - [TestNG] Running:
  F:\Selenium Projects\SwagLabs\master.xml

15:03:29.0546 [main] INFO  testCases.TC005_ProductSort - *****Test case execution started****
15:03:32.3377 [main] INFO  testCases.TC005_ProductSort - ***********Test case execution completed**********
15:12:35.2477 [main] INFO  org.testng.internal.Utils - [TestNG] Running:
  F:\Selenium Projects\SwagLabs\master.xml

15:12:46.0774 [main] INFO  testCases.TC005_ProductSort - *****Test case execution started****
15:12:49.6507 [main] INFO  testCases.TC005_ProductSort - ******Product sorted by price high to low******
15:12:50.6651 [main] INFO  testCases.TC005_ProductSort - ***********Test case execution completed**********
15:30:14.7494 [main] INFO  org.testng.internal.Utils - [TestNG] Running:
  F:\Selenium Projects\SwagLabs\master.xml

15:30:25.3019 [main] INFO  testCases.TC005_ProductSort - *****Test case execution started****
15:30:28.1446 [main] INFO  testCases.TC005_ProductSort - ******Product sorted by price high to low******
15:33:39.0590 [main] INFO  org.testng.internal.Utils - [TestNG] Running:
  F:\Selenium Projects\SwagLabs\master.xml

15:33:49.3086 [main] INFO  testCases.TC005_ProductSort - *****Test case execution started****
15:33:53.1889 [main] INFO  testCases.TC005_ProductSort - ******Product sorted by price high to low******
15:35:33.0700 [main] INFO  org.testng.internal.Utils - [TestNG] Running:
  F:\Selenium Projects\SwagLabs\master.xml

15:35:39.9176 [main] INFO  testCases.TC005_ProductSort - *****Test case execution started****
15:35:42.5965 [main] INFO  testCases.TC005_ProductSort - ******Product sorted by price high to low******
15:42:26.8830 [main] INFO  org.testng.internal.Utils - [TestNG] Running:
  F:\Selenium Projects\SwagLabs\master.xml

15:42:44.1540 [main] INFO  testCases.TC005_ProductSort - *****Test case execution started****
